[35m[Appium][39m Welcome to Appium v1.22.3
[35m[Appium][39m Non-default server args:
[35m[Appium][39m   port: 57725
[35m[Appium][39m   loglevel: info
[35m[Appium][39m   tmpDir: C:\Users\alfig\AppData\Local\Temp\\Katalon\Appium\Temp1701092275631
[35m[Appium][39m   chromedriverPort: 57726
[35m[Appium][39m Deprecated server args:
[35m[Appium][39m   [31m--chromedriver-port[39m => --default-capabilities
[35m[Appium][39m Default capabilities, which will be added to each request unless overridden by desired capabilities:
[35m[Appium][39m   chromedriverPort: 57726
[35m[Appium][39m Appium REST http interface listener started on 0.0.0.0:57725
[35m[HTTP][39m [37m-->[39m [37mGET[39m [37m/wd/hub/status[39m
[35m[HTTP][39m [90m{}[39m
[35m[HTTP][39m [37m<-- GET /wd/hub/status [39m[32m200[39m [90m8 ms - 68[39m
[35m[HTTP][39m [90m[39m
[35m[HTTP][39m [37m-->[39m [37mGET[39m [37m/wd/hub/status[39m
[35m[HTTP][39m [90m{}[39m
[35m[HTTP][39m [37m<-- GET /wd/hub/status [39m[32m200[39m [90m1 ms - 68[39m
[35m[HTTP][39m [90m[39m
[35m[HTTP][39m [37m-->[39m [37mPOST[39m [37m/wd/hub/session[39m
[35m[HTTP][39m [90m{"desiredCapabilities":{"app":"D:\\Appsoed_Pro\\debug\\Appsoed_debug.apk","noReset":true,"deviceName":"emulator-5554 (Android SDK built for x86 - Android 10)","fullReset":false,"platform":"ANDROID","newCommandTimeout":1800,"platformVersion":"10","automationName":"uiautomator2","autoGrantPermissions":true,"platformName":"Android","udid":"emulator-5554","systemPort":57736},"capabilities":{"firstMatch":[{"appium:app":"D:\\Appsoed_Pro\\debug\\Appsoed_debug.apk","appium:autoGrantPermissions":true,"appium:automationName":"uiautomator2","appium:deviceName":"emulator-5554 (Android SDK built for x86 - Android 10)","appium:fullReset":false,"appium:newCommandTimeout":1800,"appium:noReset":true,"platform":"ANDROID","platformName":"android","appium:platformVersion":"10","appium:systemPort":57736,"appium:udid":"emulator-5554"}]}}[39m
[35m[BaseDriver][39m The following capabilities are not standard capabilities and should have an extension prefix:
[35m[BaseDriver][39m   platform
[35m[BaseDriver][39m   chromedriverPort
[35m[Appium][39m Appium v1.22.3 creating new AndroidUiautomator2Driver (v1.70.1) session
[35m[BaseDriver][39m The following capabilities were provided, but are not recognized by Appium:
[35m[BaseDriver][39m   platform
[35m[BaseDriver][39m Session created with session id: d42df7f5-7c37-4def-ab1c-317e2b70a9a9
[35m[BaseDriver][39m Using local app 'D:\Appsoed_Pro\debug\Appsoed_debug.apk'
[35m[ADB][39m Found 1 'build-tools' folders under 'C:\Users\alfig\.katalon\tools\android_sdk' (newest first):
[35m[ADB][39m     C:/Users/alfig/.katalon/tools/android_sdk/build-tools/29.0.3
[35m[ADB][39m Using 'adb.exe' from 'C:\Users\alfig\.katalon\tools\android_sdk\platform-tools\adb.exe'
[35m[AndroidDriver][39m Retrieving device list
[35m[AndroidDriver][39m Using device: emulator-5554
[35m[ADB][39m Using 'adb.exe' from 'C:\Users\alfig\.katalon\tools\android_sdk\platform-tools\adb.exe'
[35m[ADB][39m Getting device platform version
[35m[UiAutomator2][39m Relaxing hidden api policy
[35m[ADB][39m Package name: 'com.bem_unsoed.appsoed'
[35m[ADB][39m Main activity name: 'com.bem_unsoed.appsoed.MainActivity'
[35m[ADB][39m Using 'apksigner.jar' from 'C:\Users\alfig\.katalon\tools\android_sdk\build-tools\29.0.3\lib\apksigner.jar'
[35m[ADB][39m 'C:\Users\alfig\AppData\Roaming\npm\node_modules\appium\node_modules\appium-uiautomator2-server\apks\appium-uiautomator2-server-v4.27.0.apk' is signed with the default certificate
[35m[ADB][39m 'C:\Users\alfig\AppData\Roaming\npm\node_modules\appium\node_modules\appium-uiautomator2-server\apks\appium-uiautomator2-server-debug-androidTest.apk' is signed with the default certificate
[35m[UiAutomator2][39m Server packages are not going to be (re)installed
[35m[ADB][39m Adding packages ["io.appium.settings","io.appium.uiautomator2.server","io.appium.uiautomator2.server.test"] to Doze whitelist
[35m[ADB][39m 'D:\Appsoed_Pro\debug\Appsoed_debug.apk' is signed with a non-default certificate
[35m[ADB][39m The application at 'D:\Appsoed_Pro\debug\Appsoed_debug.apk' will not be cached, because the device under test has confirmed the support of streamed installs
[35m[ADB][39m The installation of 'Appsoed_debug.apk' took 2355ms
[35m[UiAutomator2][39m Starting UIAutomator2 server 4.27.0
[35m[UiAutomator2][39m Using UIAutomator2 server from 'C:\Users\alfig\AppData\Roaming\npm\node_modules\appium\node_modules\appium-uiautomator2-server\apks\appium-uiautomator2-server-v4.27.0.apk' and test from 'C:\Users\alfig\AppData\Roaming\npm\node_modules\appium\node_modules\appium-uiautomator2-server\apks\appium-uiautomator2-server-debug-androidTest.apk'
[35m[UiAutomator2][39m Waiting up to 30000ms for UiAutomator2 to be online...
[35m[WD Proxy][39m socket hang up
[35m[WD Proxy][39m socket hang up
[35m[WD Proxy][39m socket hang up
[35m[WD Proxy][39m socket hang up
[35m[WD Proxy][39m socket hang up
[35m[WD Proxy][39m Determined the downstream protocol as 'W3C'
[35m[AndroidDriver][39m Screen already unlocked, doing nothing
[35m[UiAutomator2][39m Starting 'com.bem_unsoed.appsoed/com.bem_unsoed.appsoed.MainActivity and waiting for 'com.bem_unsoed.appsoed/com.bem_unsoed.appsoed.MainActivity'
[35m[Appium][39m New AndroidUiautomator2Driver session created successfully, session d42df7f5-7c37-4def-ab1c-317e2b70a9a9 added to master session list
[35m[HTTP][39m [37m<-- POST /wd/hub/session [39m[32m200[39m [90m21808 ms - 1290[39m
[35m[HTTP][39m [90m[39m
[35m[HTTP][39m [37m-->[39m [37mGET[39m [37m/wd/hub/session/d42df7f5-7c37-4def-ab1c-317e2b70a9a9[39m
[35m[HTTP][39m [90m{}[39m
[35m[HTTP][39m [37m<-- GET /wd/hub/session/d42df7f5-7c37-4def-ab1c-317e2b70a9a9 [39m[32m200[39m [90m36 ms - 1244[39m
[35m[HTTP][39m [90m[39m
[35m[HTTP][39m [37m-->[39m [37mGET[39m [37m/wd/hub/session/d42df7f5-7c37-4def-ab1c-317e2b70a9a9[39m
[35m[HTTP][39m [90m{}[39m
[35m[HTTP][39m [37m<-- GET /wd/hub/session/d42df7f5-7c37-4def-ab1c-317e2b70a9a9 [39m[32m200[39m [90m20 ms - 1244[39m
[35m[HTTP][39m [90m[39m
[35m[HTTP][39m [37m-->[39m [37mGET[39m [37m/wd/hub/status[39m
[35m[HTTP][39m [90m{}[39m
[35m[HTTP][39m [37m<-- GET /wd/hub/status [39m[32m200[39m [90m2 ms - 68[39m
[35m[HTTP][39m [90m[39m
[35m[HTTP][39m [37m-->[39m [37mPOST[39m [37m/wd/hub/session/d42df7f5-7c37-4def-ab1c-317e2b70a9a9/timeouts[39m
[35m[HTTP][39m [90m{"implicit":60000}[39m
[35m[HTTP][39m [37m<-- POST /wd/hub/session/d42df7f5-7c37-4def-ab1c-317e2b70a9a9/timeouts [39m[32m200[39m [90m6 ms - 14[39m
[35m[HTTP][39m [90m[39m
[35m[HTTP][39m [37m-->[39m [37mGET[39m [37m/wd/hub/session/d42df7f5-7c37-4def-ab1c-317e2b70a9a9/source[39m
[35m[HTTP][39m [90m{}[39m
[35m[W3C (d42df7f5)][39m Driver proxy active, passing request on via HTTP proxy
[35m[WD Proxy][39m Replacing sessionId 7ef16530-a48f-4552-864d-b9be8272548d with d42df7f5-7c37-4def-ab1c-317e2b70a9a9
[35m[HTTP][39m [37m<-- GET /wd/hub/session/d42df7f5-7c37-4def-ab1c-317e2b70a9a9/source [39m[32m200[39m [90m516 ms - 5691[39m
[35m[HTTP][39m [90m[39m
[35m[HTTP][39m [37m-->[39m [37mGET[39m [37m/wd/hub/session/d42df7f5-7c37-4def-ab1c-317e2b70a9a9/screenshot[39m
[35m[HTTP][39m [90m{}[39m
[35m[HTTP][39m [37m<-- GET /wd/hub/session/d42df7f5-7c37-4def-ab1c-317e2b70a9a9/screenshot [39m[32m200[39m [90m671 ms - 129562[39m
[35m[HTTP][39m [[35m[BaseDriver][39m Shutting down because we waited 1800 seconds for a command
[35m[Appium][39m Closing session, cause was 'New Command Timeout of 1800 seconds expired. Try customizing the timeout using the 'newCommandTimeout' desired capability'
[35m[Appium][39m Removing session 'a3e776f8-915f-437a-b1d1-2f859f6bbaea' from our master session list
[35m[UiAutomator2][39m Did not get confirmation UiAutomator2 deleteSession worked; Error was: UnknownError: An unknown server-side error occurred while processing the command. Original error: 'DELETE /' cannot be proxied to UiAutomator2 server because the instrumentation process is not running (probably crashed). Check the server log and/or the logcat output for more details
[35m[UiAutomator2][39m Restoring hidden api policy to the device default configuration
m [90m[39m
[35m[HTTP][39m [37m-->[39m [37mGET[39m [37m/wd/hub/session/d42df7f5-7c37-4def-ab1c-317e2b70a9a9/source[39m
[35m[HTTP][39m [90m{}[39m
[35m[W3C (d42df7f5)][39m Driver proxy active, passing request on via HTTP proxy
[35m[WD Proxy][39m Replacing sessionId 7ef16530-a48f-4552-864d-b9be8272548d with d42df7f5-7c37-4def-ab1c-317e2b70a9a9
[35m[HTTP][39m [37m<-- GET /wd/hub/session/d42df7f5-7c37-4def-ab1c-317e2b70a9a9/source [39m[32m200[39m [90m237 ms - 18945[39m
[35m[HTTP][39m [90m[39m
[35m[HTTP][39m [37m-->[39m [37mGET[39m [37m/wd/hub/session/d42df7f5-7c37-4def-ab1c-317e2b70a9a9/screenshot[39m
[35m[HTTP][39m [90m{}[39m
[35m[HTTP][39m [37m<-- GET /wd/hub/session/d42df7f5-7c37-4def-ab1c-317e2b70a9a9/screenshot [39m[32m200[39m [90m712 ms - 661634[39m
[35m[HTTP][39m [90m[39m
[35m[HTTP][39m [37m-->[39m [37mPOST[39m [37m/wd/hub/session/d42df7f5-7c37-4def-ab1c-317e2b70a9a9/elements[39m
[35m[HTTP][39m [90m{"using":"xpath","value":"//*[@class = 'android.view.View' and @resource-id = '' and (@text = '' or . = '')]"}[39m
[35m[HTTP][39m [37m<-- POST /wd/hub/session/d42df7f5-7c37-4def-ab1c-317e2b70a9a9/elements [39m[32m200[39m [90m732 ms - 3211[39m
[35m[HTTP][39m [90m[39m
[35m[HTTP][39m [37m-->[39m [37mPOST[39m [37m/wd/hub/session/d42df7f5-7c37-4def-ab1c-317e2b70a9a9/elements[39m
[35m[HTTP][39m [90m{"using":"accessibility id","value":"Tilik\nFakultas\nLayanan\nUnsoed\nInfo\nUKM\nKomik\nMedia\nPartner\nFAQ\nProfile\nKabinet\nsemua\nMenu"}[39m
[35m[HTTP][39m [37m<-- POST /wd/hub/session/d42df7f5-7c37-4def-ab1c-317e2b70a9a9/elements [39m[32m200[39m [90m37 ms - 139[39m
[35m[HTTP][39m [90m[39m
[35m[HTTP][39m [37m-->[39m [37mPOST[39m [37m/wd/hub/session/d42df7f5-7c37-4def-ab1c-317e2b70a9a9/elements[39m
[35m[HTTP][39m [90m{"using":"xpath","value":"//*[@class = 'android.view.View' and @resource-id = '' and (@text = '' or . = '')]"}[39m
[35m[HTTP][39m [37m<-- POST /wd/hub/session/d42df7f5-7c37-4def-ab1c-317e2b70a9a9/elements [39m[32m200[39m [90m1301 ms - 3211[39m
[35m[HTTP][39m [90m[39m
[35m[HTTP][39m [37m-->[39m [37mPOST[39m [37m/wd/hub/session/d42df7f5-7c37-4def-ab1c-317e2b70a9a9/elements[39m
[35m[HTTP][39m [90m{"using":"accessibility id","value":"Tilik\nFakultas\nLayanan\nUnsoed\nInfo\nUKM\nKomik\nMedia\nPartner\nFAQ\nProfile\nKabinet\nsemua\nMenu"}[39m
[35m[HTTP][39m [37m<-- POST /wd/hub/session/d42df7f5-7c37-4def-ab1c-317e2b70a9a9/elements [39m[32m200[39m [90m25 ms - 139[39m
[35m[HTTP][39m [90m[39m
[35m[HTTP][39m [37m-->[39m [37mPOST[39m [37m/wd/hub/session/d42df7f5-7c37-4def-ab1c-317e2b70a9a9/elements[39m
[35m[HTTP][39m [90m{"using":"xpath","value":"//*[@class = 'android.view.View' and @resource-id = '' and (@text = '' or . = '')]"}[39m
[35m[HTTP][39m [37m<-- POST /wd/hub/session/d42df7f5-7c37-4def-ab1c-317e2b70a9a9/elements [39m[32m200[39m [90m108 ms - 3211[39m
[35m[HTTP][39m [90m[39m
[35m[HTTP][39m [37m-->[39m [37mPOST[39m [37m/wd/hub/session/d42df7f5-7c37-4def-ab1c-317e2b70a9a9/elements[39m
[35m[HTTP][39m [90m{"using":"accessibility id","value":"Tilik\nFakultas\nLayanan\nUnsoed\nInfo\nUKM\nKomik\nMedia\nPartner\nFAQ\nProfile\nKabinet\nsemua\nMenu"}[39m
[35m[HTTP][39m [37m<-- POST /wd/hub/session/d42df7f5-7c37-4def-ab1c-317e2b70a9a9/elements [39m[32m200[39m [90m42 ms - 139[39m
[35m[HTTP][39m [90m[39m
[35m[HTTP][39m [37m-->[39m [37mPOST[39m [37m/wd/hub/session/d42df7f5-7c37-4def-ab1c-317e2b70a9a9/elements[39m
[35m[HTTP][39m [90m{"using":"xpath","value":"//*[@class = 'android.view.View' and @resource-id = '' and (@text = '' or . = '')]"}[39m
[35m[HTTP][39m [37m<-- POST /wd/hub/session/d42df7f5-7c37-4def-ab1c-317e2b70a9a9/elements [39m[32m200[39m [90m319 ms - 3211[39m
[35m[HTTP][39m [90m[39m
[35m[HTTP][39m [37m-->[39m [37mPOST[39m [37m/wd/hub/session/d42df7f5-7c37-4def-ab1c-317e2b70a9a9/elements[39m
[35m[HTTP][39m [90m{"using":"accessibility id","value":"Tilik\nFakultas\nLayanan\nUnsoed\nInfo\nUKM\nKomik\nMedia\nPartner\nFAQ\nProfile\nKabinet\nsemua\nMenu"}[39m
[35m[HTTP][39m [37m<-- POST /wd/hub/session/d42df7f5-7c37-4def-ab1c-317e2b70a9a9/elements [39m[32m200[39m [90m24 ms - 139[39m
[35m[HTTP][39m [90m[39m
[35m[HTTP][39m [37m-->[39m [37mGET[39m [37m/wd/hub/session/d42df7f5-7c37-4def-ab1c-317e2b70a9a9/source[39m
[35m[HTTP][39m [90m{}[39m
[35m[W3C (d42df7f5)][39m Driver proxy active, passing request on via HTTP proxy
[35m[WD Proxy][39m Replacing sessionId 7ef16530-a48f-4552-864d-b9be8272548d with d42df7f5-7c37-4def-ab1c-317e2b70a9a9
[35m[HTTP][39m [37m<-- GET /wd/hub/session/d42df7f5-7c37-4def-ab1c-317e2b70a9a9/source [39m[32m200[39m [90m1412 ms - 18945[39m
[35m[HTTP][39m [90m[39m
[35m[HTTP][39m [37m-->[39m [37mGET[39m [37m/wd/hub/session/d42df7f5-7c37-4def-ab1c-317e2b70a9a9/screenshot[39m
[35m[HTTP][39m [90m{}[39m
[35m[HTTP][39m [37m<-- GET /wd/hub/session/d42df7f5-7c37-4def-ab1c-317e2b70a9a9/screenshot [39m[32m200[39m [90m573 ms - 681170[39m
[35m[HTTP][39m [90m[39m
[35m[HTTP][39m [37m-->[39m [37mPOST[39m [37m/wd/hub/session/d42df7f5-7c37-4def-ab1c-317e2b70a9a9/elements[39m
[35m[HTTP][39m [90m{"using":"xpath","value":"//*[@class = 'android.view.View' and @resource-id = '' and (@text = '' or . = '')]"}[39m
[35m[HTTP][39m [37m<-- POST /wd/hub/session/d42df7f5-7c37-4def-ab1c-317e2b70a9a9/elements [39m[32m200[39m [90m835 ms - 3211[39m
[35m[HTTP][39m [90m[39m
[35m[HTTP][39m [37m-->[39m [37mPOST[39m [37m/wd/hub/session/d42df7f5-7c37-4def-ab1c-317e2b70a9a9/elements[39m
[35m[HTTP][39m [90m{"using":"accessibility id","value":"Tilik\nFakultas\nLayanan\nUnsoed\nInfo\nUKM\nKomik\nMedia\nPartner\nFAQ\nProfile\nKabinet\nsemua\nMenu"}[39m
[35m[HTTP][39m [37m<-- POST /wd/hub/session/d42df7f5-7c37-4def-ab1c-317e2b70a9a9/elements [39m[32m200[39m [90m23 ms - 139[39m
[35m[HTTP][39m [90m[39m
[35m[HTTP][39m [37m-->[39m [37mPOST[39m [37m/wd/hub/session/d42df7f5-7c37-4def-ab1c-317e2b70a9a9/elements[39m
[35m[HTTP][39m [90m{"using":"xpath","value":"//*[@class = 'android.view.View' and @resource-id = '' and (@text = '' or . = '')]"}[39m
[35m[HTTP][39m [37m<-- POST /wd/hub/session/d42df7f5-7c37-4def-ab1c-317e2b70a9a9/elements [39m[32m200[39m [90m383 ms - 3211[39m
[35m[HTTP][39m [90m[39m
[35m[HTTP][39m [37m-->[39m [37mPOST[39m [37m/wd/hub/session/d42df7f5-7c37-4def-ab1c-317e2b70a9a9/elements[39m
[35m[HTTP][39m [90m{"using":"accessibility id","value":"Tilik\nFakultas\nLayanan\nUnsoed\nInfo\nUKM\nKomik\nMedia\nPartner\nFAQ\nProfile\nKabinet\nsemua\nMenu"}[39m
[35m[HTTP][39m [37m<-- POST /wd/hub/session/d42df7f5-7c37-4def-ab1c-317e2b70a9a9/elements [39m[32m200[39m [90m25 ms - 139[39m
[35m[HTTP][39m [90m[39m
[35m[HTTP][39m [37m-->[39m [37mGET[39m [37m/wd/hub/session/d42df7f5-7c37-4def-ab1c-317e2b70a9a9/source[39m
[35m[HTTP][39m [90m{}[39m
[35m[W3C (d42df7f5)][39m Driver proxy active, passing request on via HTTP proxy
[35m[WD Proxy][39m Replacing sessionId 7ef16530-a48f-4552-864d-b9be8272548d with d42df7f5-7c37-4def-ab1c-317e2b70a9a9
[35m[HTTP][39m [37m<-- GET /wd/hub/session/d42df7f5-7c37-4def-ab1c-317e2b70a9a9/source [39m[32m200[39m [90m642 ms - 18945[39m
[35m[HTTP][39m [90m[39m
[35m[HTTP][39m [37m-->[39m [37mGET[39m [37m/wd/hub/session/d42df7f5-7c37-4def-ab1c-317e2b70a9a9/screenshot[39m
[35m[HTTP][39m [90m{}[39m
[35m[HTTP][39m [37m<-- GET /wd/hub/session/d42df7f5-7c37-4def-ab1c-317e2b70a9a9/screenshot [39m[32m200[39m [90m589 ms - 701094[39m
[35m[HTTP][39m [90m[39m
[35m[HTTP][39m [37m-->[39m [37mDELETE[39m [37m/wd/hub/session/d42df7f5-7c37-4def-ab1c-317e2b70a9a9[39m
[35m[HTTP][39m [90m{}[39m
[35m[Appium][39m Removing session d42df7f5-7c37-4def-ab1c-317e2b70a9a9 from our master session list
[35m[UiAutomator2][39m Did not get confirmation UiAutomator2 deleteSession worked; Error was: UnknownError: An unknown server-side error occurred while processing the command. Original error: 'DELETE /' cannot be proxied to UiAutomator2 server because the instrumentation process is not running (probably crashed). Check the server log and/or the logcat output for more details
[35m[UiAutomator2][39m Restoring hidden api policy to the device default configuration
[35m[HTTP][39m [37m<-- DELETE /wd/hub/session/d42df7f5-7c37-4def-ab1c-317e2b70a9a9 [39m[32m200[39m [90m395 ms - 14[39m
[35m[HTTP][39m [90m[39m
